<?xml version="1.0" encoding="UTF-8"?>
<!-- Generated by org.testng.reporters.JUnitXMLReporter -->
<testsuite ignored="0" hostname="Samsung-PC" failures="1" tests="1" name="Test" time="13.239" errors="0" timestamp="30 Mar 2019 12:54:43 GMT">
  <testcase classname="pages.LoginPageSteps" name="CheckLoginPageSuccess" time="7.837">
    <failure type="java.lang.AssertionError" message="Home paee title not matching expected [gajhd] but found []">
      <![CDATA[java.lang.AssertionError: Home paee title not matching expected [gajhd] but found []
at pages.LoginPageSteps.CheckLoginPageSuccess(LoginPageSteps.java:42)
... Removed 30 stack frames]]>
    </failure>
  </testcase> <!-- CheckLoginPageSuccess -->
</testsuite> <!-- Test -->
